<?xml version="1.0" encoding="UTF-8"?>
<testsuite name="FindAndReplaceTest" tests="1" skipped="0" failures="0" errors="0" timestamp="2016-09-07T21:06:52" hostname="staff-9.local" time="0.001">
  <properties/>
  <testcase name="replaceWordsInSentence_returnsReplacedPhrase_String" classname="FindAndReplaceTest" time="0.001"/>
  <system-out><![CDATA[]]></system-out>
  <system-err><![CDATA[]]></system-err>
</testsuite>
